开始提取问诊ID - 时间: 2025-04-09 12:20:37
开始从元素中提取ID:
元素HTML结构: <tr class="el-table__row"><td rowspan="1" colspan="1" class="el-table_1_column_1 is-center  is-hidden el-table__cell"><div class="cell"><span data-v-2bd89f16="">20250408153904377446</span></div></td><td rowspan="1" colspan="1" class="el-table_1_column_2 is-center  is-hidden el-table__cell"><div clas...
获取元素HTML失败: local variable 'time' referenced before assignment
元素所有属性: {'class': 'el-table__row'}
获取所有属性失败
使用选择器[td:first-child]找到单元格内容: 
使用选择器[.cell:first-child]找到单元格内容: 
使用选择器[td:nth-child(1)]找到单元格内容: 
使用选择器[.el-table__cell:first-child]找到单元格内容: 
使用选择器[[class*='id']]找到单元格内容: 
找到 22 个单元格
单元格[0]内容: 
单元格[1]内容: 
单元格[2]内容: 
单元格[3]内容: 
单元格[4]内容: 
单元格[5]内容: 
单元格[6]内容: 
单元格[7]内容: 
单元格[8]内容: 
单元格[9]内容: 
单元格[10]内容: 
单元格[11]内容: 
单元格[12]内容: 
单元格[13]内容: 
单元格[14]内容: 
单元格[15]内容: 
单元格[16]内容: 
单元格[17]内容: 
单元格[18]内容: 
单元格[19]内容: 
单元格[20]内容: 详情 问诊记录
单元格[21]内容: 详情 问诊记录
找到 0 个链接
元素文本内容: 详情 问诊记录...
第一个单元格内容: 
无法提取ID，生成临时ID: TEMP_1744172437_2049